# JRE version: Java(TM) SE Runtime Environment (8.0_45-b15) (build 1.8.0_45-b15)
# Java VM: Java HotSpot(TM) Client VM (25.45-b02 mixed mode windows-x86 )
Heap:
 def new generation   total 4928K, used 238K [0x03e00000, 0x04350000, 0x09350000)
  eden space 4416K,   4% used [0x03e00000, 0x03e2df48, 0x04250000)
  from space 512K,  10% used [0x042d0000, 0x042ddc00, 0x04350000)
  to   space 512K,   0% used [0x04250000, 0x04250000, 0x042d0000)
 tenured generation   total 10944K, used 4173K [0x09350000, 0x09e00000, 0x13e00000)
   the space 10944K,  38% used [0x09350000, 0x097636d0, 0x09763800, 0x09e00000)
 Metaspace       used 8245K, capacity 8435K, committed 8576K, reserved 8576K
GC Heap History (10 events):
Event: 10.090 GC heap before
{Heap before GC invocations=12 (full 0):
 def new generation   total 4928K, used 4463K [0x03e00000, 0x04350000, 0x09350000)
  eden space 4416K, 100% used [0x03e00000, 0x04250000, 0x04250000)
  from space 512K,   9% used [0x04250000, 0x0425bcd8, 0x042d0000)
  to   space 512K,   0% used [0x042d0000, 0x042d0000, 0x04350000)
 tenured generation   total 10944K, used 4173K [0x09350000, 0x09e00000, 0x13e00000)
   the space 10944K,  38% used [0x09350000, 0x097636d0, 0x09763800, 0x09e00000)
 Metaspace       used 8245K, capacity 8435K, committed 8576K, reserved 8576K
Event: 10.091 GC heap after
Heap after GC invocations=13 (full 0):
 def new generation   total 4928K, used 46K [0x03e00000, 0x04350000, 0x09350000)
  eden space 4416K,   0% used [0x03e00000, 0x03e00000, 0x04250000)
  from space 512K,   9% used [0x042d0000, 0x042db948, 0x04350000)
  to   space 512K,   0% used [0x04250000, 0x04250000, 0x042d0000)
 tenured generation   total 10944K, used 4173K [0x09350000, 0x09e00000, 0x13e00000)
   the space 10944K,  38% used [0x09350000, 0x097636d0, 0x09763800, 0x09e00000)
 Metaspace       used 8245K, capacity 8435K, committed 8576K, reserved 8576K
}
Event: 10.529 GC heap before
{Heap before GC invocations=13 (full 0):
 def new generation   total 4928K, used 4462K [0x03e00000, 0x04350000, 0x09350000)
  eden space 4416K, 100% used [0x03e00000, 0x04250000, 0x04250000)
  from space 512K,   9% used [0x042d0000, 0x042db948, 0x04350000)
  to   space 512K,   0% used [0x04250000, 0x04250000, 0x042d0000)
 tenured generation   total 10944K, used 4173K [0x09350000, 0x09e00000, 0x13e00000)
   the space 10944K,  38% used [0x09350000, 0x097636d0, 0x09763800, 0x09e00000)
 Metaspace       used 8245K, capacity 8435K, committed 8576K, reserved 8576K
Event: 10.530 GC heap after
Heap after GC invocations=14 (full 0):
 def new generation   total 4928K, used 55K [0x03e00000, 0x04350000, 0x09350000)
  eden space 4416K,   0% used [0x03e00000, 0x03e00000, 0x04250000)
  from space 512K,  10% used [0x04250000, 0x0425ded8, 0x042d0000)
  to   space 512K,   0% used [0x042d0000, 0x042d0000, 0x04350000)
 tenured generation   total 10944K, used 4173K [0x09350000, 0x09e00000, 0x13e00000)
   the space 10944K,  38% used [0x09350000, 0x097636d0, 0x09763800, 0x09e00000)
 Metaspace       used 8245K, capacity 8435K, committed 8576K, reserved 8576K
}
Event: 11.008 GC heap before
{Heap before GC invocations=14 (full 0):
 def new generation   total 4928K, used 4471K [0x03e00000, 0x04350000, 0x09350000)
  eden space 4416K, 100% used [0x03e00000, 0x04250000, 0x04250000)
  from space 512K,  10% used [0x04250000, 0x0425ded8, 0x042d0000)
  to   space 512K,   0% used [0x042d0000, 0x042d0000, 0x04350000)
 tenured generation   total 10944K, used 4173K [0x09350000, 0x09e00000, 0x13e00000)
   the space 10944K,  38% used [0x09350000, 0x097636d0, 0x09763800, 0x09e00000)
 Metaspace       used 8245K, capacity 8435K, committed 8576K, reserved 8576K
Event: 11.009 GC heap after
Heap after GC invocations=15 (full 0):
 def new generation   total 4928K, used 46K [0x03e00000, 0x04350000, 0x09350000)
  eden space 4416K,   0% used [0x03e00000, 0x03e00000, 0x04250000)
  from space 512K,   9% used [0x042d0000, 0x042dba48, 0x04350000)
  to   space 512K,   0% used [0x04250000, 0x04250000, 0x042d0000)
 tenured generation   total 10944K, used 4173K [0x09350000, 0x09e00000, 0x13e00000)
   the space 10944K,  38% used [0x09350000, 0x097636d0, 0x09763800, 0x09e00000)
 Metaspace       used 8245K, capacity 8435K, committed 8576K, reserved 8576K
}
Event: 11.821 GC heap before
{Heap before GC invocations=15 (full 0):
 def new generation   total 4928K, used 4462K [0x03e00000, 0x04350000, 0x09350000)
  eden space 4416K, 100% used [0x03e00000, 0x04250000, 0x04250000)
  from space 512K,   9% used [0x042d0000, 0x042dba48, 0x04350000)
  to   space 512K,   0% used [0x04250000, 0x04250000, 0x042d0000)
 tenured generation   total 10944K, used 4173K [0x09350000, 0x09e00000, 0x13e00000)
   the space 10944K,  38% used [0x09350000, 0x097636d0, 0x09763800, 0x09e00000)
 Metaspace       used 8245K, capacity 8435K, committed 8576K, reserved 8576K
Event: 11.823 GC heap after
Heap after GC invocations=16 (full 0):
 def new generation   total 4928K, used 46K [0x03e00000, 0x04350000, 0x09350000)
  eden space 4416K,   0% used [0x03e00000, 0x03e00000, 0x04250000)
  from space 512K,   9% used [0x04250000, 0x0425b938, 0x042d0000)
  to   space 512K,   0% used [0x042d0000, 0x042d0000, 0x04350000)
 tenured generation   total 10944K, used 4173K [0x09350000, 0x09e00000, 0x13e00000)
   the space 10944K,  38% used [0x09350000, 0x097636d0, 0x09763800, 0x09e00000)
 Metaspace       used 8245K, capacity 8435K, committed 8576K, reserved 8576K
}
Event: 12.304 GC heap before
{Heap before GC invocations=16 (full 0):
 def new generation   total 4928K, used 4462K [0x03e00000, 0x04350000, 0x09350000)
  eden space 4416K, 100% used [0x03e00000, 0x04250000, 0x04250000)
  from space 512K,   9% used [0x04250000, 0x0425b938, 0x042d0000)
  to   space 512K,   0% used [0x042d0000, 0x042d0000, 0x04350000)
 tenured generation   total 10944K, used 4173K [0x09350000, 0x09e00000, 0x13e00000)
   the space 10944K,  38% used [0x09350000, 0x097636d0, 0x09763800, 0x09e00000)
 Metaspace       used 8245K, capacity 8435K, committed 8576K, reserved 8576K
Event: 12.306 GC heap after
Heap after GC invocations=17 (full 0):
 def new generation   total 4928K, used 55K [0x03e00000, 0x04350000, 0x09350000)
  eden space 4416K,   0% used [0x03e00000, 0x03e00000, 0x04250000)
  from space 512K,  10% used [0x042d0000, 0x042ddc00, 0x04350000)
  to   space 512K,   0% used [0x04250000, 0x04250000, 0x042d0000)
 tenured generation   total 10944K, used 4173K [0x09350000, 0x09e00000, 0x13e00000)
   the space 10944K,  38% used [0x09350000, 0x097636d0, 0x09763800, 0x09e00000)
 Metaspace       used 8245K, capacity 8435K, committed 8576K, reserved 8576K
}

