# JRE version: Java(TM) SE Runtime Environment (8.0_45-b15) (build 1.8.0_45-b15)
# Java VM: Java HotSpot(TM) Client VM (25.45-b02 mixed mode windows-x86 )
Heap:
 def new generation   total 4928K, used 221K [0x04000000, 0x04550000, 0x09550000)
  eden space 4416K,   3% used [0x04000000, 0x0402a4e0, 0x04450000)
  from space 512K,  10% used [0x04450000, 0x0445cf70, 0x044d0000)
  to   space 512K,   0% used [0x044d0000, 0x044d0000, 0x04550000)
 tenured generation   total 10944K, used 4184K [0x09550000, 0x0a000000, 0x14000000)
   the space 10944K,  38% used [0x09550000, 0x099661c8, 0x09966200, 0x0a000000)
 Metaspace       used 8244K, capacity 8435K, committed 8576K, reserved 8576K
GC Heap History (10 events):
Event: 2.196 GC heap before
{Heap before GC invocations=1 (full 0):
 def new generation   total 4928K, used 4928K [0x04000000, 0x04550000, 0x09550000)
  eden space 4416K, 100% used [0x04000000, 0x04450000, 0x04450000)
  from space 512K, 100% used [0x044d0000, 0x04550000, 0x04550000)
  to   space 512K,   0% used [0x04450000, 0x04450000, 0x044d0000)
 tenured generation   total 10944K, used 1185K [0x09550000, 0x0a000000, 0x14000000)
   the space 10944K,  10% used [0x09550000, 0x09678738, 0x09678800, 0x0a000000)
 Metaspace       used 8243K, capacity 8435K, committed 8576K, reserved 8576K
Event: 2.204 GC heap after
Heap after GC invocations=2 (full 0):
 def new generation   total 4928K, used 512K [0x04000000, 0x04550000, 0x09550000)
  eden space 4416K,   0% used [0x04000000, 0x04000000, 0x04450000)
  from space 512K, 100% used [0x04450000, 0x044d0000, 0x044d0000)
  to   space 512K,   0% used [0x044d0000, 0x044d0000, 0x04550000)
 tenured generation   total 10944K, used 3697K [0x09550000, 0x0a000000, 0x14000000)
   the space 10944K,  33% used [0x09550000, 0x098ec550, 0x098ec600, 0x0a000000)
 Metaspace       used 8243K, capacity 8435K, committed 8576K, reserved 8576K
}
Event: 2.885 GC heap before
{Heap before GC invocations=2 (full 0):
 def new generation   total 4928K, used 4928K [0x04000000, 0x04550000, 0x09550000)
  eden space 4416K, 100% used [0x04000000, 0x04450000, 0x04450000)
  from space 512K, 100% used [0x04450000, 0x044d0000, 0x044d0000)
  to   space 512K,   0% used [0x044d0000, 0x044d0000, 0x04550000)
 tenured generation   total 10944K, used 3697K [0x09550000, 0x0a000000, 0x14000000)
   the space 10944K,  33% used [0x09550000, 0x098ec550, 0x098ec600, 0x0a000000)
 Metaspace       used 8243K, capacity 8435K, committed 8576K, reserved 8576K
Event: 2.888 GC heap after
Heap after GC invocations=3 (full 0):
 def new generation   total 4928K, used 43K [0x04000000, 0x04550000, 0x09550000)
  eden space 4416K,   0% used [0x04000000, 0x04000000, 0x04450000)
  from space 512K,   8% used [0x044d0000, 0x044dacd0, 0x04550000)
  to   space 512K,   0% used [0x04450000, 0x04450000, 0x044d0000)
 tenured generation   total 10944K, used 4184K [0x09550000, 0x0a000000, 0x14000000)
   the space 10944K,  38% used [0x09550000, 0x099661c8, 0x09966200, 0x0a000000)
 Metaspace       used 8243K, capacity 8435K, committed 8576K, reserved 8576K
}
Event: 3.404 GC heap before
{Heap before GC invocations=3 (full 0):
 def new generation   total 4928K, used 4459K [0x04000000, 0x04550000, 0x09550000)
  eden space 4416K, 100% used [0x04000000, 0x04450000, 0x04450000)
  from space 512K,   8% used [0x044d0000, 0x044dacd0, 0x04550000)
  to   space 512K,   0% used [0x04450000, 0x04450000, 0x044d0000)
 tenured generation   total 10944K, used 4184K [0x09550000, 0x0a000000, 0x14000000)
   the space 10944K,  38% used [0x09550000, 0x099661c8, 0x09966200, 0x0a000000)
 Metaspace       used 8244K, capacity 8435K, committed 8576K, reserved 8576K
Event: 3.405 GC heap after
Heap after GC invocations=4 (full 0):
 def new generation   total 4928K, used 42K [0x04000000, 0x04550000, 0x09550000)
  eden space 4416K,   0% used [0x04000000, 0x04000000, 0x04450000)
  from space 512K,   8% used [0x04450000, 0x0445a918, 0x044d0000)
  to   space 512K,   0% used [0x044d0000, 0x044d0000, 0x04550000)
 tenured generation   total 10944K, used 4184K [0x09550000, 0x0a000000, 0x14000000)
   the space 10944K,  38% used [0x09550000, 0x099661c8, 0x09966200, 0x0a000000)
 Metaspace       used 8244K, capacity 8435K, committed 8576K, reserved 8576K
}
Event: 5.446 GC heap before
{Heap before GC invocations=4 (full 0):
 def new generation   total 4928K, used 4458K [0x04000000, 0x04550000, 0x09550000)
  eden space 4416K, 100% used [0x04000000, 0x04450000, 0x04450000)
  from space 512K,   8% used [0x04450000, 0x0445a918, 0x044d0000)
  to   space 512K,   0% used [0x044d0000, 0x044d0000, 0x04550000)
 tenured generation   total 10944K, used 4184K [0x09550000, 0x0a000000, 0x14000000)
   the space 10944K,  38% used [0x09550000, 0x099661c8, 0x09966200, 0x0a000000)
 Metaspace       used 8244K, capacity 8435K, committed 8576K, reserved 8576K
Event: 5.448 GC heap after
Heap after GC invocations=5 (full 0):
 def new generation   total 4928K, used 42K [0x04000000, 0x04550000, 0x09550000)
  eden space 4416K,   0% used [0x04000000, 0x04000000, 0x04450000)
  from space 512K,   8% used [0x044d0000, 0x044daa30, 0x04550000)
  to   space 512K,   0% used [0x04450000, 0x04450000, 0x044d0000)
 tenured generation   total 10944K, used 4184K [0x09550000, 0x0a000000, 0x14000000)
   the space 10944K,  38% used [0x09550000, 0x099661c8, 0x09966200, 0x0a000000)
 Metaspace       used 8244K, capacity 8435K, committed 8576K, reserved 8576K
}
Event: 5.903 GC heap before
{Heap before GC invocations=5 (full 0):
 def new generation   total 4928K, used 4458K [0x04000000, 0x04550000, 0x09550000)
  eden space 4416K, 100% used [0x04000000, 0x04450000, 0x04450000)
  from space 512K,   8% used [0x044d0000, 0x044daa30, 0x04550000)
  to   space 512K,   0% used [0x04450000, 0x04450000, 0x044d0000)
 tenured generation   total 10944K, used 4184K [0x09550000, 0x0a000000, 0x14000000)
   the space 10944K,  38% used [0x09550000, 0x099661c8, 0x09966200, 0x0a000000)
 Metaspace       used 8244K, capacity 8435K, committed 8576K, reserved 8576K
Event: 5.904 GC heap after
Heap after GC invocations=6 (full 0):
 def new generation   total 4928K, used 51K [0x04000000, 0x04550000, 0x09550000)
  eden space 4416K,   0% used [0x04000000, 0x04000000, 0x04450000)
  from space 512K,  10% used [0x04450000, 0x0445cf70, 0x044d0000)
  to   space 512K,   0% used [0x044d0000, 0x044d0000, 0x04550000)
 tenured generation   total 10944K, used 4184K [0x09550000, 0x0a000000, 0x14000000)
   the space 10944K,  38% used [0x09550000, 0x099661c8, 0x09966200, 0x0a000000)
 Metaspace       used 8244K, capacity 8435K, committed 8576K, reserved 8576K
}

