# JRE version: Java(TM) SE Runtime Environment (8.0_45-b15) (build 1.8.0_45-b15)
# Java VM: Java HotSpot(TM) Client VM (25.45-b02 mixed mode windows-x86 )
Heap:
 def new generation   total 4928K, used 223K [0x03e00000, 0x04350000, 0x09350000)
  eden space 4416K,   4% used [0x03e00000, 0x03e2d6a8, 0x04250000)
  from space 512K,   8% used [0x042d0000, 0x042da670, 0x04350000)
  to   space 512K,   0% used [0x04250000, 0x04250000, 0x042d0000)
 tenured generation   total 10944K, used 4224K [0x09350000, 0x09e00000, 0x13e00000)
   the space 10944K,  38% used [0x09350000, 0x097700d0, 0x09770200, 0x09e00000)
 Metaspace       used 8258K, capacity 8467K, committed 8576K, reserved 8576K
GC Heap History (10 events):
Event: 28.297 GC heap before
{Heap before GC invocations=44 (full 0):
 def new generation   total 4928K, used 4450K [0x03e00000, 0x04350000, 0x09350000)
  eden space 4416K, 100% used [0x03e00000, 0x04250000, 0x04250000)
  from space 512K,   6% used [0x04250000, 0x04258908, 0x042d0000)
  to   space 512K,   0% used [0x042d0000, 0x042d0000, 0x04350000)
 tenured generation   total 10944K, used 4223K [0x09350000, 0x09e00000, 0x13e00000)
   the space 10944K,  38% used [0x09350000, 0x0976fe38, 0x09770000, 0x09e00000)
 Metaspace       used 8258K, capacity 8467K, committed 8576K, reserved 8576K
Event: 28.299 GC heap after
Heap after GC invocations=45 (full 0):
 def new generation   total 4928K, used 44K [0x03e00000, 0x04350000, 0x09350000)
  eden space 4416K,   0% used [0x03e00000, 0x03e00000, 0x04250000)
  from space 512K,   8% used [0x042d0000, 0x042db190, 0x04350000)
  to   space 512K,   0% used [0x04250000, 0x04250000, 0x042d0000)
 tenured generation   total 10944K, used 4223K [0x09350000, 0x09e00000, 0x13e00000)
   the space 10944K,  38% used [0x09350000, 0x0976fef0, 0x09770000, 0x09e00000)
 Metaspace       used 8258K, capacity 8467K, committed 8576K, reserved 8576K
}
Event: 29.123 GC heap before
{Heap before GC invocations=45 (full 0):
 def new generation   total 4928K, used 4460K [0x03e00000, 0x04350000, 0x09350000)
  eden space 4416K, 100% used [0x03e00000, 0x04250000, 0x04250000)
  from space 512K,   8% used [0x042d0000, 0x042db190, 0x04350000)
  to   space 512K,   0% used [0x04250000, 0x04250000, 0x042d0000)
 tenured generation   total 10944K, used 4223K [0x09350000, 0x09e00000, 0x13e00000)
   the space 10944K,  38% used [0x09350000, 0x0976fef0, 0x09770000, 0x09e00000)
 Metaspace       used 8258K, capacity 8467K, committed 8576K, reserved 8576K
Event: 29.124 GC heap after
Heap after GC invocations=46 (full 0):
 def new generation   total 4928K, used 30K [0x03e00000, 0x04350000, 0x09350000)
  eden space 4416K,   0% used [0x03e00000, 0x03e00000, 0x04250000)
  from space 512K,   5% used [0x04250000, 0x04257808, 0x042d0000)
  to   space 512K,   0% used [0x042d0000, 0x042d0000, 0x04350000)
 tenured generation   total 10944K, used 4223K [0x09350000, 0x09e00000, 0x13e00000)
   the space 10944K,  38% used [0x09350000, 0x0976fef0, 0x09770000, 0x09e00000)
 Metaspace       used 8258K, capacity 8467K, committed 8576K, reserved 8576K
}
Event: 29.705 GC heap before
{Heap before GC invocations=46 (full 0):
 def new generation   total 4928K, used 4446K [0x03e00000, 0x04350000, 0x09350000)
  eden space 4416K, 100% used [0x03e00000, 0x04250000, 0x04250000)
  from space 512K,   5% used [0x04250000, 0x04257808, 0x042d0000)
  to   space 512K,   0% used [0x042d0000, 0x042d0000, 0x04350000)
 tenured generation   total 10944K, used 4223K [0x09350000, 0x09e00000, 0x13e00000)
   the space 10944K,  38% used [0x09350000, 0x0976fef0, 0x09770000, 0x09e00000)
 Metaspace       used 8258K, capacity 8467K, committed 8576K, reserved 8576K
Event: 29.706 GC heap after
Heap after GC invocations=47 (full 0):
 def new generation   total 4928K, used 32K [0x03e00000, 0x04350000, 0x09350000)
  eden space 4416K,   0% used [0x03e00000, 0x03e00000, 0x04250000)
  from space 512K,   6% used [0x042d0000, 0x042d81c8, 0x04350000)
  to   space 512K,   0% used [0x04250000, 0x04250000, 0x042d0000)
 tenured generation   total 10944K, used 4224K [0x09350000, 0x09e00000, 0x13e00000)
   the space 10944K,  38% used [0x09350000, 0x097700d0, 0x09770200, 0x09e00000)
 Metaspace       used 8258K, capacity 8467K, committed 8576K, reserved 8576K
}
Event: 30.173 GC heap before
{Heap before GC invocations=47 (full 0):
 def new generation   total 4928K, used 4448K [0x03e00000, 0x04350000, 0x09350000)
  eden space 4416K, 100% used [0x03e00000, 0x04250000, 0x04250000)
  from space 512K,   6% used [0x042d0000, 0x042d81c8, 0x04350000)
  to   space 512K,   0% used [0x04250000, 0x04250000, 0x042d0000)
 tenured generation   total 10944K, used 4224K [0x09350000, 0x09e00000, 0x13e00000)
   the space 10944K,  38% used [0x09350000, 0x097700d0, 0x09770200, 0x09e00000)
 Metaspace       used 8258K, capacity 8467K, committed 8576K, reserved 8576K
Event: 30.175 GC heap after
Heap after GC invocations=48 (full 0):
 def new generation   total 4928K, used 39K [0x03e00000, 0x04350000, 0x09350000)
  eden space 4416K,   0% used [0x03e00000, 0x03e00000, 0x04250000)
  from space 512K,   7% used [0x04250000, 0x04259f70, 0x042d0000)
  to   space 512K,   0% used [0x042d0000, 0x042d0000, 0x04350000)
 tenured generation   total 10944K, used 4224K [0x09350000, 0x09e00000, 0x13e00000)
   the space 10944K,  38% used [0x09350000, 0x097700d0, 0x09770200, 0x09e00000)
 Metaspace       used 8258K, capacity 8467K, committed 8576K, reserved 8576K
}
Event: 30.698 GC heap before
{Heap before GC invocations=48 (full 0):
 def new generation   total 4928K, used 4455K [0x03e00000, 0x04350000, 0x09350000)
  eden space 4416K, 100% used [0x03e00000, 0x04250000, 0x04250000)
  from space 512K,   7% used [0x04250000, 0x04259f70, 0x042d0000)
  to   space 512K,   0% used [0x042d0000, 0x042d0000, 0x04350000)
 tenured generation   total 10944K, used 4224K [0x09350000, 0x09e00000, 0x13e00000)
   the space 10944K,  38% used [0x09350000, 0x097700d0, 0x09770200, 0x09e00000)
 Metaspace       used 8258K, capacity 8467K, committed 8576K, reserved 8576K
Event: 30.700 GC heap after
Heap after GC invocations=49 (full 0):
 def new generation   total 4928K, used 41K [0x03e00000, 0x04350000, 0x09350000)
  eden space 4416K,   0% used [0x03e00000, 0x03e00000, 0x04250000)
  from space 512K,   8% used [0x042d0000, 0x042da670, 0x04350000)
  to   space 512K,   0% used [0x04250000, 0x04250000, 0x042d0000)
 tenured generation   total 10944K, used 4224K [0x09350000, 0x09e00000, 0x13e00000)
   the space 10944K,  38% used [0x09350000, 0x097700d0, 0x09770200, 0x09e00000)
 Metaspace       used 8258K, capacity 8467K, committed 8576K, reserved 8576K
}

