# JRE version: Java(TM) SE Runtime Environment (8.0_45-b15) (build 1.8.0_45-b15)
# Java VM: Java HotSpot(TM) Client VM (25.45-b02 mixed mode windows-x86 )
Heap:
 def new generation   total 4928K, used 270K [0x03e00000, 0x04350000, 0x09350000)
  eden space 4416K,   4% used [0x03e00000, 0x03e2ea40, 0x04250000)
  from space 512K,  16% used [0x04250000, 0x042650a8, 0x042d0000)
  to   space 512K,   0% used [0x042d0000, 0x042d0000, 0x04350000)
 tenured generation   total 10944K, used 4167K [0x09350000, 0x09e00000, 0x13e00000)
   the space 10944K,  38% used [0x09350000, 0x09761c30, 0x09761e00, 0x09e00000)
 Metaspace       used 8257K, capacity 8467K, committed 8576K, reserved 8576K
GC Heap History (10 events):
Event: 11.983 GC heap before
{Heap before GC invocations=9 (full 0):
 def new generation   total 4928K, used 4505K [0x03e00000, 0x04350000, 0x09350000)
  eden space 4416K, 100% used [0x03e00000, 0x04250000, 0x04250000)
  from space 512K,  17% used [0x042d0000, 0x042e64d8, 0x04350000)
  to   space 512K,   0% used [0x04250000, 0x04250000, 0x042d0000)
 tenured generation   total 10944K, used 4167K [0x09350000, 0x09e00000, 0x13e00000)
   the space 10944K,  38% used [0x09350000, 0x09761c30, 0x09761e00, 0x09e00000)
 Metaspace       used 8257K, capacity 8467K, committed 8576K, reserved 8576K
Event: 11.984 GC heap after
Heap after GC invocations=10 (full 0):
 def new generation   total 4928K, used 89K [0x03e00000, 0x04350000, 0x09350000)
  eden space 4416K,   0% used [0x03e00000, 0x03e00000, 0x04250000)
  from space 512K,  17% used [0x04250000, 0x042664f8, 0x042d0000)
  to   space 512K,   0% used [0x042d0000, 0x042d0000, 0x04350000)
 tenured generation   total 10944K, used 4167K [0x09350000, 0x09e00000, 0x13e00000)
   the space 10944K,  38% used [0x09350000, 0x09761c30, 0x09761e00, 0x09e00000)
 Metaspace       used 8257K, capacity 8467K, committed 8576K, reserved 8576K
}
Event: 12.690 GC heap before
{Heap before GC invocations=10 (full 0):
 def new generation   total 4928K, used 4505K [0x03e00000, 0x04350000, 0x09350000)
  eden space 4416K, 100% used [0x03e00000, 0x04250000, 0x04250000)
  from space 512K,  17% used [0x04250000, 0x042664f8, 0x042d0000)
  to   space 512K,   0% used [0x042d0000, 0x042d0000, 0x04350000)
 tenured generation   total 10944K, used 4167K [0x09350000, 0x09e00000, 0x13e00000)
   the space 10944K,  38% used [0x09350000, 0x09761c30, 0x09761e00, 0x09e00000)
 Metaspace       used 8257K, capacity 8467K, committed 8576K, reserved 8576K
Event: 12.691 GC heap after
Heap after GC invocations=11 (full 0):
 def new generation   total 4928K, used 89K [0x03e00000, 0x04350000, 0x09350000)
  eden space 4416K,   0% used [0x03e00000, 0x03e00000, 0x04250000)
  from space 512K,  17% used [0x042d0000, 0x042e6560, 0x04350000)
  to   space 512K,   0% used [0x04250000, 0x04250000, 0x042d0000)
 tenured generation   total 10944K, used 4167K [0x09350000, 0x09e00000, 0x13e00000)
   the space 10944K,  38% used [0x09350000, 0x09761c30, 0x09761e00, 0x09e00000)
 Metaspace       used 8257K, capacity 8467K, committed 8576K, reserved 8576K
}
Event: 13.816 GC heap before
{Heap before GC invocations=11 (full 0):
 def new generation   total 4928K, used 4505K [0x03e00000, 0x04350000, 0x09350000)
  eden space 4416K, 100% used [0x03e00000, 0x04250000, 0x04250000)
  from space 512K,  17% used [0x042d0000, 0x042e6560, 0x04350000)
  to   space 512K,   0% used [0x04250000, 0x04250000, 0x042d0000)
 tenured generation   total 10944K, used 4167K [0x09350000, 0x09e00000, 0x13e00000)
   the space 10944K,  38% used [0x09350000, 0x09761c30, 0x09761e00, 0x09e00000)
 Metaspace       used 8257K, capacity 8467K, committed 8576K, reserved 8576K
Event: 13.817 GC heap after
Heap after GC invocations=12 (full 0):
 def new generation   total 4928K, used 86K [0x03e00000, 0x04350000, 0x09350000)
  eden space 4416K,   0% used [0x03e00000, 0x03e00000, 0x04250000)
  from space 512K,  16% used [0x04250000, 0x04265bb0, 0x042d0000)
  to   space 512K,   0% used [0x042d0000, 0x042d0000, 0x04350000)
 tenured generation   total 10944K, used 4167K [0x09350000, 0x09e00000, 0x13e00000)
   the space 10944K,  38% used [0x09350000, 0x09761c30, 0x09761e00, 0x09e00000)
 Metaspace       used 8257K, capacity 8467K, committed 8576K, reserved 8576K
}
Event: 14.265 GC heap before
{Heap before GC invocations=12 (full 0):
 def new generation   total 4928K, used 4502K [0x03e00000, 0x04350000, 0x09350000)
  eden space 4416K, 100% used [0x03e00000, 0x04250000, 0x04250000)
  from space 512K,  16% used [0x04250000, 0x04265bb0, 0x042d0000)
  to   space 512K,   0% used [0x042d0000, 0x042d0000, 0x04350000)
 tenured generation   total 10944K, used 4167K [0x09350000, 0x09e00000, 0x13e00000)
   the space 10944K,  38% used [0x09350000, 0x09761c30, 0x09761e00, 0x09e00000)
 Metaspace       used 8257K, capacity 8467K, committed 8576K, reserved 8576K
Event: 14.266 GC heap after
Heap after GC invocations=13 (full 0):
 def new generation   total 4928K, used 84K [0x03e00000, 0x04350000, 0x09350000)
  eden space 4416K,   0% used [0x03e00000, 0x03e00000, 0x04250000)
  from space 512K,  16% used [0x042d0000, 0x042e53a8, 0x04350000)
  to   space 512K,   0% used [0x04250000, 0x04250000, 0x042d0000)
 tenured generation   total 10944K, used 4167K [0x09350000, 0x09e00000, 0x13e00000)
   the space 10944K,  38% used [0x09350000, 0x09761c30, 0x09761e00, 0x09e00000)
 Metaspace       used 8257K, capacity 8467K, committed 8576K, reserved 8576K
}
Event: 15.074 GC heap before
{Heap before GC invocations=13 (full 0):
 def new generation   total 4928K, used 4500K [0x03e00000, 0x04350000, 0x09350000)
  eden space 4416K, 100% used [0x03e00000, 0x04250000, 0x04250000)
  from space 512K,  16% used [0x042d0000, 0x042e53a8, 0x04350000)
  to   space 512K,   0% used [0x04250000, 0x04250000, 0x042d0000)
 tenured generation   total 10944K, used 4167K [0x09350000, 0x09e00000, 0x13e00000)
   the space 10944K,  38% used [0x09350000, 0x09761c30, 0x09761e00, 0x09e00000)
 Metaspace       used 8257K, capacity 8467K, committed 8576K, reserved 8576K
Event: 15.076 GC heap after
Heap after GC invocations=14 (full 0):
 def new generation   total 4928K, used 84K [0x03e00000, 0x04350000, 0x09350000)
  eden space 4416K,   0% used [0x03e00000, 0x03e00000, 0x04250000)
  from space 512K,  16% used [0x04250000, 0x042650a8, 0x042d0000)
  to   space 512K,   0% used [0x042d0000, 0x042d0000, 0x04350000)
 tenured generation   total 10944K, used 4167K [0x09350000, 0x09e00000, 0x13e00000)
   the space 10944K,  38% used [0x09350000, 0x09761c30, 0x09761e00, 0x09e00000)
 Metaspace       used 8257K, capacity 8467K, committed 8576K, reserved 8576K
}

