# JRE version: Java(TM) SE Runtime Environment (8.0_45-b15) (build 1.8.0_45-b15)
# Java VM: Java HotSpot(TM) Client VM (25.45-b02 mixed mode windows-x86 )
Heap:
 def new generation   total 4928K, used 229K [0x03c00000, 0x04150000, 0x09150000)
  eden space 4416K,   4% used [0x03c00000, 0x03c2cab8, 0x04050000)
  from space 512K,   9% used [0x040d0000, 0x040dcbb8, 0x04150000)
  to   space 512K,   0% used [0x04050000, 0x04050000, 0x040d0000)
 tenured generation   total 10944K, used 4167K [0x09150000, 0x09c00000, 0x13c00000)
   the space 10944K,  38% used [0x09150000, 0x09561d70, 0x09561e00, 0x09c00000)
 Metaspace       used 8240K, capacity 8435K, committed 8576K, reserved 8576K
GC Heap History (10 events):
Event: 3.201 GC heap before
{Heap before GC invocations=2 (full 0):
 def new generation   total 4928K, used 4897K [0x03c00000, 0x04150000, 0x09150000)
  eden space 4416K, 100% used [0x03c00000, 0x04050000, 0x04050000)
  from space 512K,  93% used [0x04050000, 0x040c8440, 0x040d0000)
  to   space 512K,   0% used [0x040d0000, 0x040d0000, 0x04150000)
 tenured generation   total 10944K, used 3718K [0x09150000, 0x09c00000, 0x13c00000)
   the space 10944K,  33% used [0x09150000, 0x094f1a98, 0x094f1c00, 0x09c00000)
 Metaspace       used 8240K, capacity 8435K, committed 8576K, reserved 8576K
Event: 3.204 GC heap after
Heap after GC invocations=3 (full 0):
 def new generation   total 4928K, used 44K [0x03c00000, 0x04150000, 0x09150000)
  eden space 4416K,   0% used [0x03c00000, 0x03c00000, 0x04050000)
  from space 512K,   8% used [0x040d0000, 0x040db0c8, 0x04150000)
  to   space 512K,   0% used [0x04050000, 0x04050000, 0x040d0000)
 tenured generation   total 10944K, used 4167K [0x09150000, 0x09c00000, 0x13c00000)
   the space 10944K,  38% used [0x09150000, 0x09561d70, 0x09561e00, 0x09c00000)
 Metaspace       used 8240K, capacity 8435K, committed 8576K, reserved 8576K
}
Event: 4.030 GC heap before
{Heap before GC invocations=3 (full 0):
 def new generation   total 4928K, used 4460K [0x03c00000, 0x04150000, 0x09150000)
  eden space 4416K, 100% used [0x03c00000, 0x04050000, 0x04050000)
  from space 512K,   8% used [0x040d0000, 0x040db0c8, 0x04150000)
  to   space 512K,   0% used [0x04050000, 0x04050000, 0x040d0000)
 tenured generation   total 10944K, used 4167K [0x09150000, 0x09c00000, 0x13c00000)
   the space 10944K,  38% used [0x09150000, 0x09561d70, 0x09561e00, 0x09c00000)
 Metaspace       used 8240K, capacity 8435K, committed 8576K, reserved 8576K
Event: 4.032 GC heap after
Heap after GC invocations=4 (full 0):
 def new generation   total 4928K, used 44K [0x03c00000, 0x04150000, 0x09150000)
  eden space 4416K,   0% used [0x03c00000, 0x03c00000, 0x04050000)
  from space 512K,   8% used [0x04050000, 0x0405b398, 0x040d0000)
  to   space 512K,   0% used [0x040d0000, 0x040d0000, 0x04150000)
 tenured generation   total 10944K, used 4167K [0x09150000, 0x09c00000, 0x13c00000)
   the space 10944K,  38% used [0x09150000, 0x09561d70, 0x09561e00, 0x09c00000)
 Metaspace       used 8240K, capacity 8435K, committed 8576K, reserved 8576K
}
Event: 4.638 GC heap before
{Heap before GC invocations=4 (full 0):
 def new generation   total 4928K, used 4460K [0x03c00000, 0x04150000, 0x09150000)
  eden space 4416K, 100% used [0x03c00000, 0x04050000, 0x04050000)
  from space 512K,   8% used [0x04050000, 0x0405b398, 0x040d0000)
  to   space 512K,   0% used [0x040d0000, 0x040d0000, 0x04150000)
 tenured generation   total 10944K, used 4167K [0x09150000, 0x09c00000, 0x13c00000)
   the space 10944K,  38% used [0x09150000, 0x09561d70, 0x09561e00, 0x09c00000)
 Metaspace       used 8240K, capacity 8435K, committed 8576K, reserved 8576K
Event: 4.639 GC heap after
Heap after GC invocations=5 (full 0):
 def new generation   total 4928K, used 51K [0x03c00000, 0x04150000, 0x09150000)
  eden space 4416K,   0% used [0x03c00000, 0x03c00000, 0x04050000)
  from space 512K,  10% used [0x040d0000, 0x040dcf48, 0x04150000)
  to   space 512K,   0% used [0x04050000, 0x04050000, 0x040d0000)
 tenured generation   total 10944K, used 4167K [0x09150000, 0x09c00000, 0x13c00000)
   the space 10944K,  38% used [0x09150000, 0x09561d70, 0x09561e00, 0x09c00000)
 Metaspace       used 8240K, capacity 8435K, committed 8576K, reserved 8576K
}
Event: 5.223 GC heap before
{Heap before GC invocations=5 (full 0):
 def new generation   total 4928K, used 4467K [0x03c00000, 0x04150000, 0x09150000)
  eden space 4416K, 100% used [0x03c00000, 0x04050000, 0x04050000)
  from space 512K,  10% used [0x040d0000, 0x040dcf48, 0x04150000)
  to   space 512K,   0% used [0x04050000, 0x04050000, 0x040d0000)
 tenured generation   total 10944K, used 4167K [0x09150000, 0x09c00000, 0x13c00000)
   the space 10944K,  38% used [0x09150000, 0x09561d70, 0x09561e00, 0x09c00000)
 Metaspace       used 8240K, capacity 8435K, committed 8576K, reserved 8576K
Event: 5.224 GC heap after
Heap after GC invocations=6 (full 0):
 def new generation   total 4928K, used 48K [0x03c00000, 0x04150000, 0x09150000)
  eden space 4416K,   0% used [0x03c00000, 0x03c00000, 0x04050000)
  from space 512K,   9% used [0x04050000, 0x0405c090, 0x040d0000)
  to   space 512K,   0% used [0x040d0000, 0x040d0000, 0x04150000)
 tenured generation   total 10944K, used 4167K [0x09150000, 0x09c00000, 0x13c00000)
   the space 10944K,  38% used [0x09150000, 0x09561d70, 0x09561e00, 0x09c00000)
 Metaspace       used 8240K, capacity 8435K, committed 8576K, reserved 8576K
}
Event: 5.952 GC heap before
{Heap before GC invocations=6 (full 0):
 def new generation   total 4928K, used 4464K [0x03c00000, 0x04150000, 0x09150000)
  eden space 4416K, 100% used [0x03c00000, 0x04050000, 0x04050000)
  from space 512K,   9% used [0x04050000, 0x0405c090, 0x040d0000)
  to   space 512K,   0% used [0x040d0000, 0x040d0000, 0x04150000)
 tenured generation   total 10944K, used 4167K [0x09150000, 0x09c00000, 0x13c00000)
   the space 10944K,  38% used [0x09150000, 0x09561d70, 0x09561e00, 0x09c00000)
 Metaspace       used 8240K, capacity 8435K, committed 8576K, reserved 8576K
Event: 5.953 GC heap after
Heap after GC invocations=7 (full 0):
 def new generation   total 4928K, used 50K [0x03c00000, 0x04150000, 0x09150000)
  eden space 4416K,   0% used [0x03c00000, 0x03c00000, 0x04050000)
  from space 512K,   9% used [0x040d0000, 0x040dcbb8, 0x04150000)
  to   space 512K,   0% used [0x04050000, 0x04050000, 0x040d0000)
 tenured generation   total 10944K, used 4167K [0x09150000, 0x09c00000, 0x13c00000)
   the space 10944K,  38% used [0x09150000, 0x09561d70, 0x09561e00, 0x09c00000)
 Metaspace       used 8240K, capacity 8435K, committed 8576K, reserved 8576K
}

