# JRE version: Java(TM) SE Runtime Environment (8.0_45-b15) (build 1.8.0_45-b15)
# Java VM: Java HotSpot(TM) Client VM (25.45-b02 mixed mode windows-x86 )
Heap:
 def new generation   total 4928K, used 284K [0x04000000, 0x04550000, 0x09550000)
  eden space 4416K,   4% used [0x04000000, 0x04031848, 0x04450000)
  from space 512K,  16% used [0x04450000, 0x04465a20, 0x044d0000)
  to   space 512K,   0% used [0x044d0000, 0x044d0000, 0x04550000)
 tenured generation   total 10944K, used 4168K [0x09550000, 0x0a000000, 0x14000000)
   the space 10944K,  38% used [0x09550000, 0x09962238, 0x09962400, 0x0a000000)
 Metaspace       used 8258K, capacity 8467K, committed 8576K, reserved 8576K
GC Heap History (10 events):
Event: 7.625 GC heap before
{Heap before GC invocations=9 (full 0):
 def new generation   total 4928K, used 4505K [0x04000000, 0x04550000, 0x09550000)
  eden space 4416K, 100% used [0x04000000, 0x04450000, 0x04450000)
  from space 512K,  17% used [0x044d0000, 0x044e6578, 0x04550000)
  to   space 512K,   0% used [0x04450000, 0x04450000, 0x044d0000)
 tenured generation   total 10944K, used 4168K [0x09550000, 0x0a000000, 0x14000000)
   the space 10944K,  38% used [0x09550000, 0x09962238, 0x09962400, 0x0a000000)
 Metaspace       used 8258K, capacity 8467K, committed 8576K, reserved 8576K
Event: 7.627 GC heap after
Heap after GC invocations=10 (full 0):
 def new generation   total 4928K, used 84K [0x04000000, 0x04550000, 0x09550000)
  eden space 4416K,   0% used [0x04000000, 0x04000000, 0x04450000)
  from space 512K,  16% used [0x04450000, 0x04465288, 0x044d0000)
  to   space 512K,   0% used [0x044d0000, 0x044d0000, 0x04550000)
 tenured generation   total 10944K, used 4168K [0x09550000, 0x0a000000, 0x14000000)
   the space 10944K,  38% used [0x09550000, 0x09962238, 0x09962400, 0x0a000000)
 Metaspace       used 8258K, capacity 8467K, committed 8576K, reserved 8576K
}
Event: 8.139 GC heap before
{Heap before GC invocations=10 (full 0):
 def new generation   total 4928K, used 4500K [0x04000000, 0x04550000, 0x09550000)
  eden space 4416K, 100% used [0x04000000, 0x04450000, 0x04450000)
  from space 512K,  16% used [0x04450000, 0x04465288, 0x044d0000)
  to   space 512K,   0% used [0x044d0000, 0x044d0000, 0x04550000)
 tenured generation   total 10944K, used 4168K [0x09550000, 0x0a000000, 0x14000000)
   the space 10944K,  38% used [0x09550000, 0x09962238, 0x09962400, 0x0a000000)
 Metaspace       used 8258K, capacity 8467K, committed 8576K, reserved 8576K
Event: 8.140 GC heap after
Heap after GC invocations=11 (full 0):
 def new generation   total 4928K, used 85K [0x04000000, 0x04550000, 0x09550000)
  eden space 4416K,   0% used [0x04000000, 0x04000000, 0x04450000)
  from space 512K,  16% used [0x044d0000, 0x044e54d8, 0x04550000)
  to   space 512K,   0% used [0x04450000, 0x04450000, 0x044d0000)
 tenured generation   total 10944K, used 4168K [0x09550000, 0x0a000000, 0x14000000)
   the space 10944K,  38% used [0x09550000, 0x09962238, 0x09962400, 0x0a000000)
 Metaspace       used 8258K, capacity 8467K, committed 8576K, reserved 8576K
}
Event: 8.704 GC heap before
{Heap before GC invocations=11 (full 0):
 def new generation   total 4928K, used 4501K [0x04000000, 0x04550000, 0x09550000)
  eden space 4416K, 100% used [0x04000000, 0x04450000, 0x04450000)
  from space 512K,  16% used [0x044d0000, 0x044e54d8, 0x04550000)
  to   space 512K,   0% used [0x04450000, 0x04450000, 0x044d0000)
 tenured generation   total 10944K, used 4168K [0x09550000, 0x0a000000, 0x14000000)
   the space 10944K,  38% used [0x09550000, 0x09962238, 0x09962400, 0x0a000000)
 Metaspace       used 8258K, capacity 8467K, committed 8576K, reserved 8576K
Event: 8.705 GC heap after
Heap after GC invocations=12 (full 0):
 def new generation   total 4928K, used 91K [0x04000000, 0x04550000, 0x09550000)
  eden space 4416K,   0% used [0x04000000, 0x04000000, 0x04450000)
  from space 512K,  17% used [0x04450000, 0x04466f90, 0x044d0000)
  to   space 512K,   0% used [0x044d0000, 0x044d0000, 0x04550000)
 tenured generation   total 10944K, used 4168K [0x09550000, 0x0a000000, 0x14000000)
   the space 10944K,  38% used [0x09550000, 0x09962238, 0x09962400, 0x0a000000)
 Metaspace       used 8258K, capacity 8467K, committed 8576K, reserved 8576K
}
Event: 9.481 GC heap before
{Heap before GC invocations=12 (full 0):
 def new generation   total 4928K, used 4507K [0x04000000, 0x04550000, 0x09550000)
  eden space 4416K, 100% used [0x04000000, 0x04450000, 0x04450000)
  from space 512K,  17% used [0x04450000, 0x04466f90, 0x044d0000)
  to   space 512K,   0% used [0x044d0000, 0x044d0000, 0x04550000)
 tenured generation   total 10944K, used 4168K [0x09550000, 0x0a000000, 0x14000000)
   the space 10944K,  38% used [0x09550000, 0x09962238, 0x09962400, 0x0a000000)
 Metaspace       used 8258K, capacity 8467K, committed 8576K, reserved 8576K
Event: 9.482 GC heap after
Heap after GC invocations=13 (full 0):
 def new generation   total 4928K, used 86K [0x04000000, 0x04550000, 0x09550000)
  eden space 4416K,   0% used [0x04000000, 0x04000000, 0x04450000)
  from space 512K,  16% used [0x044d0000, 0x044e5a20, 0x04550000)
  to   space 512K,   0% used [0x04450000, 0x04450000, 0x044d0000)
 tenured generation   total 10944K, used 4168K [0x09550000, 0x0a000000, 0x14000000)
   the space 10944K,  38% used [0x09550000, 0x09962238, 0x09962400, 0x0a000000)
 Metaspace       used 8258K, capacity 8467K, committed 8576K, reserved 8576K
}
Event: 10.029 GC heap before
{Heap before GC invocations=13 (full 0):
 def new generation   total 4928K, used 4502K [0x04000000, 0x04550000, 0x09550000)
  eden space 4416K, 100% used [0x04000000, 0x04450000, 0x04450000)
  from space 512K,  16% used [0x044d0000, 0x044e5a20, 0x04550000)
  to   space 512K,   0% used [0x04450000, 0x04450000, 0x044d0000)
 tenured generation   total 10944K, used 4168K [0x09550000, 0x0a000000, 0x14000000)
   the space 10944K,  38% used [0x09550000, 0x09962238, 0x09962400, 0x0a000000)
 Metaspace       used 8258K, capacity 8467K, committed 8576K, reserved 8576K
Event: 10.031 GC heap after
Heap after GC invocations=14 (full 0):
 def new generation   total 4928K, used 86K [0x04000000, 0x04550000, 0x09550000)
  eden space 4416K,   0% used [0x04000000, 0x04000000, 0x04450000)
  from space 512K,  16% used [0x04450000, 0x04465a20, 0x044d0000)
  to   space 512K,   0% used [0x044d0000, 0x044d0000, 0x04550000)
 tenured generation   total 10944K, used 4168K [0x09550000, 0x0a000000, 0x14000000)
   the space 10944K,  38% used [0x09550000, 0x09962238, 0x09962400, 0x0a000000)
 Metaspace       used 8258K, capacity 8467K, committed 8576K, reserved 8576K
}

