# JRE version: Java(TM) SE Runtime Environment (8.0_45-b15) (build 1.8.0_45-b15)
# Java VM: Java HotSpot(TM) Client VM (25.45-b02 mixed mode windows-x86 )
Heap:
 def new generation   total 4928K, used 237K [0x03e00000, 0x04350000, 0x09350000)
  eden space 4416K,   4% used [0x03e00000, 0x03e2ceb0, 0x04250000)
  from space 512K,  11% used [0x042d0000, 0x042de7f0, 0x04350000)
  to   space 512K,   0% used [0x04250000, 0x04250000, 0x042d0000)
 tenured generation   total 10944K, used 4221K [0x09350000, 0x09e00000, 0x13e00000)
   the space 10944K,  38% used [0x09350000, 0x0976f7c8, 0x0976f800, 0x09e00000)
 Metaspace       used 8271K, capacity 8467K, committed 8576K, reserved 8576K
GC Heap History (10 events):
Event: 189.855 GC heap before
{Heap before GC invocations=40 (full 0):
 def new generation   total 4928K, used 4468K [0x03e00000, 0x04350000, 0x09350000)
  eden space 4416K, 100% used [0x03e00000, 0x04250000, 0x04250000)
  from space 512K,  10% used [0x04250000, 0x0425d270, 0x042d0000)
  to   space 512K,   0% used [0x042d0000, 0x042d0000, 0x04350000)
 tenured generation   total 10944K, used 4221K [0x09350000, 0x09e00000, 0x13e00000)
   the space 10944K,  38% used [0x09350000, 0x0976f710, 0x0976f800, 0x09e00000)
 Metaspace       used 8271K, capacity 8467K, committed 8576K, reserved 8576K
Event: 189.856 GC heap after
Heap after GC invocations=41 (full 0):
 def new generation   total 4928K, used 59K [0x03e00000, 0x04350000, 0x09350000)
  eden space 4416K,   0% used [0x03e00000, 0x03e00000, 0x04250000)
  from space 512K,  11% used [0x042d0000, 0x042dee58, 0x04350000)
  to   space 512K,   0% used [0x04250000, 0x04250000, 0x042d0000)
 tenured generation   total 10944K, used 4221K [0x09350000, 0x09e00000, 0x13e00000)
   the space 10944K,  38% used [0x09350000, 0x0976f710, 0x0976f800, 0x09e00000)
 Metaspace       used 8271K, capacity 8467K, committed 8576K, reserved 8576K
}
Event: 193.827 GC heap before
{Heap before GC invocations=41 (full 0):
 def new generation   total 4928K, used 4475K [0x03e00000, 0x04350000, 0x09350000)
  eden space 4416K, 100% used [0x03e00000, 0x04250000, 0x04250000)
  from space 512K,  11% used [0x042d0000, 0x042dee58, 0x04350000)
  to   space 512K,   0% used [0x04250000, 0x04250000, 0x042d0000)
 tenured generation   total 10944K, used 4221K [0x09350000, 0x09e00000, 0x13e00000)
   the space 10944K,  38% used [0x09350000, 0x0976f710, 0x0976f800, 0x09e00000)
 Metaspace       used 8271K, capacity 8467K, committed 8576K, reserved 8576K
Event: 193.829 GC heap after
Heap after GC invocations=42 (full 0):
 def new generation   total 4928K, used 51K [0x03e00000, 0x04350000, 0x09350000)
  eden space 4416K,   0% used [0x03e00000, 0x03e00000, 0x04250000)
  from space 512K,  10% used [0x04250000, 0x0425cd88, 0x042d0000)
  to   space 512K,   0% used [0x042d0000, 0x042d0000, 0x04350000)
 tenured generation   total 10944K, used 4221K [0x09350000, 0x09e00000, 0x13e00000)
   the space 10944K,  38% used [0x09350000, 0x0976f710, 0x0976f800, 0x09e00000)
 Metaspace       used 8271K, capacity 8467K, committed 8576K, reserved 8576K
}
Event: 194.339 GC heap before
{Heap before GC invocations=42 (full 0):
 def new generation   total 4928K, used 4467K [0x03e00000, 0x04350000, 0x09350000)
  eden space 4416K, 100% used [0x03e00000, 0x04250000, 0x04250000)
  from space 512K,  10% used [0x04250000, 0x0425cd88, 0x042d0000)
  to   space 512K,   0% used [0x042d0000, 0x042d0000, 0x04350000)
 tenured generation   total 10944K, used 4221K [0x09350000, 0x09e00000, 0x13e00000)
   the space 10944K,  38% used [0x09350000, 0x0976f710, 0x0976f800, 0x09e00000)
 Metaspace       used 8271K, capacity 8467K, committed 8576K, reserved 8576K
Event: 194.340 GC heap after
Heap after GC invocations=43 (full 0):
 def new generation   total 4928K, used 56K [0x03e00000, 0x04350000, 0x09350000)
  eden space 4416K,   0% used [0x03e00000, 0x03e00000, 0x04250000)
  from space 512K,  11% used [0x042d0000, 0x042de3f0, 0x04350000)
  to   space 512K,   0% used [0x04250000, 0x04250000, 0x042d0000)
 tenured generation   total 10944K, used 4221K [0x09350000, 0x09e00000, 0x13e00000)
   the space 10944K,  38% used [0x09350000, 0x0976f710, 0x0976f800, 0x09e00000)
 Metaspace       used 8271K, capacity 8467K, committed 8576K, reserved 8576K
}
Event: 195.520 GC heap before
{Heap before GC invocations=43 (full 0):
 def new generation   total 4928K, used 4472K [0x03e00000, 0x04350000, 0x09350000)
  eden space 4416K, 100% used [0x03e00000, 0x04250000, 0x04250000)
  from space 512K,  11% used [0x042d0000, 0x042de3f0, 0x04350000)
  to   space 512K,   0% used [0x04250000, 0x04250000, 0x042d0000)
 tenured generation   total 10944K, used 4221K [0x09350000, 0x09e00000, 0x13e00000)
   the space 10944K,  38% used [0x09350000, 0x0976f710, 0x0976f800, 0x09e00000)
 Metaspace       used 8271K, capacity 8467K, committed 8576K, reserved 8576K
Event: 195.521 GC heap after
Heap after GC invocations=44 (full 0):
 def new generation   total 4928K, used 54K [0x03e00000, 0x04350000, 0x09350000)
  eden space 4416K,   0% used [0x03e00000, 0x03e00000, 0x04250000)
  from space 512K,  10% used [0x04250000, 0x0425dbb8, 0x042d0000)
  to   space 512K,   0% used [0x042d0000, 0x042d0000, 0x04350000)
 tenured generation   total 10944K, used 4221K [0x09350000, 0x09e00000, 0x13e00000)
   the space 10944K,  38% used [0x09350000, 0x0976f710, 0x0976f800, 0x09e00000)
 Metaspace       used 8271K, capacity 8467K, committed 8576K, reserved 8576K
}
Event: 196.149 GC heap before
{Heap before GC invocations=44 (full 0):
 def new generation   total 4928K, used 4470K [0x03e00000, 0x04350000, 0x09350000)
  eden space 4416K, 100% used [0x03e00000, 0x04250000, 0x04250000)
  from space 512K,  10% used [0x04250000, 0x0425dbb8, 0x042d0000)
  to   space 512K,   0% used [0x042d0000, 0x042d0000, 0x04350000)
 tenured generation   total 10944K, used 4221K [0x09350000, 0x09e00000, 0x13e00000)
   the space 10944K,  38% used [0x09350000, 0x0976f710, 0x0976f800, 0x09e00000)
 Metaspace       used 8271K, capacity 8467K, committed 8576K, reserved 8576K
Event: 196.150 GC heap after
Heap after GC invocations=45 (full 0):
 def new generation   total 4928K, used 57K [0x03e00000, 0x04350000, 0x09350000)
  eden space 4416K,   0% used [0x03e00000, 0x03e00000, 0x04250000)
  from space 512K,  11% used [0x042d0000, 0x042de7f0, 0x04350000)
  to   space 512K,   0% used [0x04250000, 0x04250000, 0x042d0000)
 tenured generation   total 10944K, used 4221K [0x09350000, 0x09e00000, 0x13e00000)
   the space 10944K,  38% used [0x09350000, 0x0976f7c8, 0x0976f800, 0x09e00000)
 Metaspace       used 8271K, capacity 8467K, committed 8576K, reserved 8576K
}

