# JRE version: Java(TM) SE Runtime Environment (8.0_45-b15) (build 1.8.0_45-b15)
# Java VM: Java HotSpot(TM) Client VM (25.45-b02 mixed mode windows-x86 )
Heap:
 def new generation   total 4928K, used 229K [0x03c00000, 0x04150000, 0x09150000)
  eden space 4416K,   4% used [0x03c00000, 0x03c2d6f8, 0x04050000)
  from space 512K,   9% used [0x04050000, 0x0405be10, 0x040d0000)
  to   space 512K,   0% used [0x040d0000, 0x040d0000, 0x04150000)
 tenured generation   total 10944K, used 4215K [0x09150000, 0x09c00000, 0x13c00000)
   the space 10944K,  38% used [0x09150000, 0x0956dcf8, 0x0956de00, 0x09c00000)
 Metaspace       used 8257K, capacity 8467K, committed 8576K, reserved 8576K
GC Heap History (10 events):
Event: 14.290 GC heap before
{Heap before GC invocations=15 (full 0):
 def new generation   total 4928K, used 4500K [0x03c00000, 0x04150000, 0x09150000)
  eden space 4416K, 100% used [0x03c00000, 0x04050000, 0x04050000)
  from space 512K,  16% used [0x040d0000, 0x040e5210, 0x04150000)
  to   space 512K,   0% used [0x04050000, 0x04050000, 0x040d0000)
 tenured generation   total 10944K, used 4167K [0x09150000, 0x09c00000, 0x13c00000)
   the space 10944K,  38% used [0x09150000, 0x09561dd0, 0x09561e00, 0x09c00000)
 Metaspace       used 8257K, capacity 8467K, committed 8576K, reserved 8576K
Event: 14.291 GC heap after
Heap after GC invocations=16 (full 0):
 def new generation   total 4928K, used 94K [0x03c00000, 0x04150000, 0x09150000)
  eden space 4416K,   0% used [0x03c00000, 0x03c00000, 0x04050000)
  from space 512K,  18% used [0x04050000, 0x04067928, 0x040d0000)
  to   space 512K,   0% used [0x040d0000, 0x040d0000, 0x04150000)
 tenured generation   total 10944K, used 4167K [0x09150000, 0x09c00000, 0x13c00000)
   the space 10944K,  38% used [0x09150000, 0x09561dd0, 0x09561e00, 0x09c00000)
 Metaspace       used 8257K, capacity 8467K, committed 8576K, reserved 8576K
}
Event: 14.872 GC heap before
{Heap before GC invocations=16 (full 0):
 def new generation   total 4928K, used 4510K [0x03c00000, 0x04150000, 0x09150000)
  eden space 4416K, 100% used [0x03c00000, 0x04050000, 0x04050000)
  from space 512K,  18% used [0x04050000, 0x04067928, 0x040d0000)
  to   space 512K,   0% used [0x040d0000, 0x040d0000, 0x04150000)
 tenured generation   total 10944K, used 4167K [0x09150000, 0x09c00000, 0x13c00000)
   the space 10944K,  38% used [0x09150000, 0x09561dd0, 0x09561e00, 0x09c00000)
 Metaspace       used 8257K, capacity 8467K, committed 8576K, reserved 8576K
Event: 14.873 GC heap after
Heap after GC invocations=17 (full 0):
 def new generation   total 4928K, used 93K [0x03c00000, 0x04150000, 0x09150000)
  eden space 4416K,   0% used [0x03c00000, 0x03c00000, 0x04050000)
  from space 512K,  18% used [0x040d0000, 0x040e7470, 0x04150000)
  to   space 512K,   0% used [0x04050000, 0x04050000, 0x040d0000)
 tenured generation   total 10944K, used 4167K [0x09150000, 0x09c00000, 0x13c00000)
   the space 10944K,  38% used [0x09150000, 0x09561dd0, 0x09561e00, 0x09c00000)
 Metaspace       used 8257K, capacity 8467K, committed 8576K, reserved 8576K
}
Event: 16.790 GC heap before
{Heap before GC invocations=17 (full 0):
 def new generation   total 4928K, used 4509K [0x03c00000, 0x04150000, 0x09150000)
  eden space 4416K, 100% used [0x03c00000, 0x04050000, 0x04050000)
  from space 512K,  18% used [0x040d0000, 0x040e7470, 0x04150000)
  to   space 512K,   0% used [0x04050000, 0x04050000, 0x040d0000)
 tenured generation   total 10944K, used 4167K [0x09150000, 0x09c00000, 0x13c00000)
   the space 10944K,  38% used [0x09150000, 0x09561dd0, 0x09561e00, 0x09c00000)
 Metaspace       used 8257K, capacity 8467K, committed 8576K, reserved 8576K
Event: 16.791 GC heap after
Heap after GC invocations=18 (full 0):
 def new generation   total 4928K, used 47K [0x03c00000, 0x04150000, 0x09150000)
  eden space 4416K,   0% used [0x03c00000, 0x03c00000, 0x04050000)
  from space 512K,   9% used [0x04050000, 0x0405bf90, 0x040d0000)
  to   space 512K,   0% used [0x040d0000, 0x040d0000, 0x04150000)
 tenured generation   total 10944K, used 4212K [0x09150000, 0x09c00000, 0x13c00000)
   the space 10944K,  38% used [0x09150000, 0x0956d3d0, 0x0956d400, 0x09c00000)
 Metaspace       used 8257K, capacity 8467K, committed 8576K, reserved 8576K
}
Event: 17.278 GC heap before
{Heap before GC invocations=18 (full 0):
 def new generation   total 4928K, used 4463K [0x03c00000, 0x04150000, 0x09150000)
  eden space 4416K, 100% used [0x03c00000, 0x04050000, 0x04050000)
  from space 512K,   9% used [0x04050000, 0x0405bf90, 0x040d0000)
  to   space 512K,   0% used [0x040d0000, 0x040d0000, 0x04150000)
 tenured generation   total 10944K, used 4212K [0x09150000, 0x09c00000, 0x13c00000)
   the space 10944K,  38% used [0x09150000, 0x0956d3d0, 0x0956d400, 0x09c00000)
 Metaspace       used 8257K, capacity 8467K, committed 8576K, reserved 8576K
Event: 17.279 GC heap after
Heap after GC invocations=19 (full 0):
 def new generation   total 4928K, used 48K [0x03c00000, 0x04150000, 0x09150000)
  eden space 4416K,   0% used [0x03c00000, 0x03c00000, 0x04050000)
  from space 512K,   9% used [0x040d0000, 0x040dc0f8, 0x04150000)
  to   space 512K,   0% used [0x04050000, 0x04050000, 0x040d0000)
 tenured generation   total 10944K, used 4214K [0x09150000, 0x09c00000, 0x13c00000)
   the space 10944K,  38% used [0x09150000, 0x0956da10, 0x0956dc00, 0x09c00000)
 Metaspace       used 8257K, capacity 8467K, committed 8576K, reserved 8576K
}
Event: 17.989 GC heap before
{Heap before GC invocations=19 (full 0):
 def new generation   total 4928K, used 4464K [0x03c00000, 0x04150000, 0x09150000)
  eden space 4416K, 100% used [0x03c00000, 0x04050000, 0x04050000)
  from space 512K,   9% used [0x040d0000, 0x040dc0f8, 0x04150000)
  to   space 512K,   0% used [0x04050000, 0x04050000, 0x040d0000)
 tenured generation   total 10944K, used 4214K [0x09150000, 0x09c00000, 0x13c00000)
   the space 10944K,  38% used [0x09150000, 0x0956da10, 0x0956dc00, 0x09c00000)
 Metaspace       used 8257K, capacity 8467K, committed 8576K, reserved 8576K
Event: 17.990 GC heap after
Heap after GC invocations=20 (full 0):
 def new generation   total 4928K, used 47K [0x03c00000, 0x04150000, 0x09150000)
  eden space 4416K,   0% used [0x03c00000, 0x03c00000, 0x04050000)
  from space 512K,   9% used [0x04050000, 0x0405be10, 0x040d0000)
  to   space 512K,   0% used [0x040d0000, 0x040d0000, 0x04150000)
 tenured generation   total 10944K, used 4215K [0x09150000, 0x09c00000, 0x13c00000)
   the space 10944K,  38% used [0x09150000, 0x0956dcf8, 0x0956de00, 0x09c00000)
 Metaspace       used 8257K, capacity 8467K, committed 8576K, reserved 8576K
}

