# JRE version: Java(TM) SE Runtime Environment (8.0_45-b15) (build 1.8.0_45-b15)
# Java VM: Java HotSpot(TM) Client VM (25.45-b02 mixed mode windows-x86 )
Heap:
 def new generation   total 4928K, used 217K [0x03e00000, 0x04350000, 0x09350000)
  eden space 4416K,   3% used [0x03e00000, 0x03e2b8a0, 0x04250000)
  from space 512K,   8% used [0x04250000, 0x0425ac48, 0x042d0000)
  to   space 512K,   0% used [0x042d0000, 0x042d0000, 0x04350000)
 tenured generation   total 10944K, used 4173K [0x09350000, 0x09e00000, 0x13e00000)
   the space 10944K,  38% used [0x09350000, 0x09763630, 0x09763800, 0x09e00000)
 Metaspace       used 8245K, capacity 8435K, committed 8576K, reserved 8576K
GC Heap History (10 events):
Event: 2.412 GC heap before
{Heap before GC invocations=1 (full 0):
 def new generation   total 4928K, used 4928K [0x03e00000, 0x04350000, 0x09350000)
  eden space 4416K, 100% used [0x03e00000, 0x04250000, 0x04250000)
  from space 512K, 100% used [0x042d0000, 0x04350000, 0x04350000)
  to   space 512K,   0% used [0x04250000, 0x04250000, 0x042d0000)
 tenured generation   total 10944K, used 1185K [0x09350000, 0x09e00000, 0x13e00000)
   the space 10944K,  10% used [0x09350000, 0x09478720, 0x09478800, 0x09e00000)
 Metaspace       used 8244K, capacity 8435K, committed 8576K, reserved 8576K
Event: 2.419 GC heap after
Heap after GC invocations=2 (full 0):
 def new generation   total 4928K, used 511K [0x03e00000, 0x04350000, 0x09350000)
  eden space 4416K,   0% used [0x03e00000, 0x03e00000, 0x04250000)
  from space 512K,  99% used [0x04250000, 0x042cfed8, 0x042d0000)
  to   space 512K,   0% used [0x042d0000, 0x042d0000, 0x04350000)
 tenured generation   total 10944K, used 3686K [0x09350000, 0x09e00000, 0x13e00000)
   the space 10944K,  33% used [0x09350000, 0x096e99a0, 0x096e9a00, 0x09e00000)
 Metaspace       used 8244K, capacity 8435K, committed 8576K, reserved 8576K
}
Event: 3.342 GC heap before
{Heap before GC invocations=2 (full 0):
 def new generation   total 4928K, used 4927K [0x03e00000, 0x04350000, 0x09350000)
  eden space 4416K, 100% used [0x03e00000, 0x04250000, 0x04250000)
  from space 512K,  99% used [0x04250000, 0x042cfed8, 0x042d0000)
  to   space 512K,   0% used [0x042d0000, 0x042d0000, 0x04350000)
 tenured generation   total 10944K, used 3686K [0x09350000, 0x09e00000, 0x13e00000)
   the space 10944K,  33% used [0x09350000, 0x096e99a0, 0x096e9a00, 0x09e00000)
 Metaspace       used 8244K, capacity 8435K, committed 8576K, reserved 8576K
Event: 3.345 GC heap after
Heap after GC invocations=3 (full 0):
 def new generation   total 4928K, used 48K [0x03e00000, 0x04350000, 0x09350000)
  eden space 4416K,   0% used [0x03e00000, 0x03e00000, 0x04250000)
  from space 512K,   9% used [0x042d0000, 0x042dc138, 0x04350000)
  to   space 512K,   0% used [0x04250000, 0x04250000, 0x042d0000)
 tenured generation   total 10944K, used 4173K [0x09350000, 0x09e00000, 0x13e00000)
   the space 10944K,  38% used [0x09350000, 0x09763630, 0x09763800, 0x09e00000)
 Metaspace       used 8244K, capacity 8435K, committed 8576K, reserved 8576K
}
Event: 3.909 GC heap before
{Heap before GC invocations=3 (full 0):
 def new generation   total 4928K, used 4464K [0x03e00000, 0x04350000, 0x09350000)
  eden space 4416K, 100% used [0x03e00000, 0x04250000, 0x04250000)
  from space 512K,   9% used [0x042d0000, 0x042dc138, 0x04350000)
  to   space 512K,   0% used [0x04250000, 0x04250000, 0x042d0000)
 tenured generation   total 10944K, used 4173K [0x09350000, 0x09e00000, 0x13e00000)
   the space 10944K,  38% used [0x09350000, 0x09763630, 0x09763800, 0x09e00000)
 Metaspace       used 8245K, capacity 8435K, committed 8576K, reserved 8576K
Event: 3.910 GC heap after
Heap after GC invocations=4 (full 0):
 def new generation   total 4928K, used 44K [0x03e00000, 0x04350000, 0x09350000)
  eden space 4416K,   0% used [0x03e00000, 0x03e00000, 0x04250000)
  from space 512K,   8% used [0x04250000, 0x0425b3f0, 0x042d0000)
  to   space 512K,   0% used [0x042d0000, 0x042d0000, 0x04350000)
 tenured generation   total 10944K, used 4173K [0x09350000, 0x09e00000, 0x13e00000)
   the space 10944K,  38% used [0x09350000, 0x09763630, 0x09763800, 0x09e00000)
 Metaspace       used 8245K, capacity 8435K, committed 8576K, reserved 8576K
}
Event: 4.394 GC heap before
{Heap before GC invocations=4 (full 0):
 def new generation   total 4928K, used 4460K [0x03e00000, 0x04350000, 0x09350000)
  eden space 4416K, 100% used [0x03e00000, 0x04250000, 0x04250000)
  from space 512K,   8% used [0x04250000, 0x0425b3f0, 0x042d0000)
  to   space 512K,   0% used [0x042d0000, 0x042d0000, 0x04350000)
 tenured generation   total 10944K, used 4173K [0x09350000, 0x09e00000, 0x13e00000)
   the space 10944K,  38% used [0x09350000, 0x09763630, 0x09763800, 0x09e00000)
 Metaspace       used 8245K, capacity 8435K, committed 8576K, reserved 8576K
Event: 4.395 GC heap after
Heap after GC invocations=5 (full 0):
 def new generation   total 4928K, used 41K [0x03e00000, 0x04350000, 0x09350000)
  eden space 4416K,   0% used [0x03e00000, 0x03e00000, 0x04250000)
  from space 512K,   8% used [0x042d0000, 0x042da668, 0x04350000)
  to   space 512K,   0% used [0x04250000, 0x04250000, 0x042d0000)
 tenured generation   total 10944K, used 4173K [0x09350000, 0x09e00000, 0x13e00000)
   the space 10944K,  38% used [0x09350000, 0x09763630, 0x09763800, 0x09e00000)
 Metaspace       used 8245K, capacity 8435K, committed 8576K, reserved 8576K
}
Event: 4.865 GC heap before
{Heap before GC invocations=5 (full 0):
 def new generation   total 4928K, used 4457K [0x03e00000, 0x04350000, 0x09350000)
  eden space 4416K, 100% used [0x03e00000, 0x04250000, 0x04250000)
  from space 512K,   8% used [0x042d0000, 0x042da668, 0x04350000)
  to   space 512K,   0% used [0x04250000, 0x04250000, 0x042d0000)
 tenured generation   total 10944K, used 4173K [0x09350000, 0x09e00000, 0x13e00000)
   the space 10944K,  38% used [0x09350000, 0x09763630, 0x09763800, 0x09e00000)
 Metaspace       used 8245K, capacity 8435K, committed 8576K, reserved 8576K
Event: 4.866 GC heap after
Heap after GC invocations=6 (full 0):
 def new generation   total 4928K, used 43K [0x03e00000, 0x04350000, 0x09350000)
  eden space 4416K,   0% used [0x03e00000, 0x03e00000, 0x04250000)
  from space 512K,   8% used [0x04250000, 0x0425ac48, 0x042d0000)
  to   space 512K,   0% used [0x042d0000, 0x042d0000, 0x04350000)
 tenured generation   total 10944K, used 4173K [0x09350000, 0x09e00000, 0x13e00000)
   the space 10944K,  38% used [0x09350000, 0x09763630, 0x09763800, 0x09e00000)
 Metaspace       used 8245K, capacity 8435K, committed 8576K, reserved 8576K
}

